<?xml version="1.0" encoding="UTF-8"?>
<!-- Generated by org.testng.reporters.JUnitReportReporter -->
<testsuite name="com.crm.qa.Testcases.LoginPageTest" tests="3" time="99.032" ignored="0" failures="0" timestamp="05 Jun 2019 17:47:49 GMT" skipped="0" hostname="User-PC" errors="0">
  <testcase name="LoginPageTitleTest" time="55.489" classname="com.crm.qa.Testcases.LoginPageTest"/>
  <testcase name="loginTest" time="29.317" classname="com.crm.qa.Testcases.LoginPageTest"/>
  <testcase name="CRMLogoImageTest" time="14.226" classname="com.crm.qa.Testcases.LoginPageTest"/>
</testsuite> <!-- com.crm.qa.Testcases.LoginPageTest -->
